This is LuaTeX, Version 1.07.0 (TeX Live 2018)  (format=lualatex 2018.9.30)  3 NOV 2018 23:49
 restricted system commands enabled.
**auswertung.tex
(./auswertung.tex
LaTeX2e <2018-04-01> patch level 5
Lua module: luaotfload-main 2018/09/24 2.90001 OpenType layout system.
Lua module: lualibs 2018-09-21 2.6 ConTeXt Lua standard libraries.
Lua module: lualibs-extended 2018-09-21 2.6 ConTeXt Lua libraries -- extended co
llection.
luaotfload | conf : Root cache directory is /home/marek/.local/texlive/2018/texm
f-var/luatex-cache/generic/names.
luaotfload | init : Loading fontloader “fontloader-2018-09-24.lua” from kpse
-resolved path “/home/marek/.local/texlive/2018/texmf-dist/tex/luatex/luaotflo
ad/fontloader-2018-09-24.lua”.
Lua-only attribute luaotfload@state = 1
Lua-only attribute luaotfload@noligature = 2
Lua-only attribute luaotfload@syllabe = 3
luaotfload | init : Context OpenType loader version “3.104”
Inserting `luaotfload.node_processor' at position 1 in `pre_linebreak_filter'.
Inserting `luaotfload.node_processor' at position 1 in `hpack_filter'.
Inserting `luaotfload.define_font' at position 1 in `define_font'.
Lua-only attribute luaotfload_color_attribute = 4
luaotfload | conf : Root cache directory is /home/marek/.local/texlive/2018/texm
f-var/luatex-cache/generic/names.
Inserting `luaotfload.aux.set_sscale_dimens' at position 1 in `luaotfload.patch_
font'.
Inserting `luaotfload.aux.patch_cambria_domh' at position 2 in `luaotfload.patch
_font'.
Inserting `luaotfload.aux.fixup_fontdata' at position 1 in `luaotfload.patch_fon
t_unsafe'.
Inserting `luaotfload.aux.set_capheight' at position 3 in `luaotfload.patch_font
'.
Inserting `luaotfload.rewrite_fontname' at position 4 in `luaotfload.patch_font'
.
luaotfload | main : initialization completed in 0.084 seconds
! Undefined control sequence.
l.1 \section
          {Auswertung}
? 

! LaTeX Error: Missing \begin{document}.

See the LaTeX manual or LaTeX Companion for explanation.
Type  H <return>  for immediate help.
 ...                                              
                                                  
l.1 \section{A
            uswertung}
? 

Overfull \hbox (20.0pt too wide) in paragraph at lines 1--3
[]Auswertung
 []

! Undefined control sequence.
l.4 \subsection
             {Bestimmung von $U_0$ und $R_i$ der Monozelle}
? 

! LaTeX Error: Missing \begin{document}.

See the LaTeX manual or LaTeX Companion for explanation.
Type  H <return>  for immediate help.
 ...                                              
                                                  
l.4 \subsection{B
               estimmung von $U_0$ und $R_i$ der Monozelle}
? 
LaTeX Font Info:    External font `cmex10' loaded for size
(Font)              <7> on input line 4.
LaTeX Font Info:    External font `cmex10' loaded for size
(Font)              <5> on input line 4.

Overfull \hbox (20.0pt too wide) in paragraph at lines 4--5
[]Bestimmung
 []


Overfull \hbox (11.3139pt too wide) in paragraph at lines 4--5
\OML/cmm/m/it/10 U[]$
 []


Overfull \hbox (10.92218pt too wide) in paragraph at lines 4--5
\OML/cmm/m/it/10 R[]$
 []


! LaTeX Error: Missing \begin{document}.

See the LaTeX manual or LaTeX Companion for explanation.
Type  H <return>  for immediate help.
 ...                                              
                                                  
l.6 E
   s wird die Klemmspannung $U_k$ in Abhängigkeit des Stromes $I$ gemessen.
? 
luaotfload | db : Font names database loaded from /home/marek/.local/texlive/201
8/texmf-var/luatex-cache/generic/names/luaotfload-names.luc
! Undefined control sequence.
<write> ...ng: Reference `tab:Monozelle' on page \thepage 
                                                  \space undefined\on@line .
l.7 ...nen Werte sind in Tabelle \ref{tab:Monozelle}
                                                   aufgeführt.
? 

LaTeX Warning: Reference `tab:Monozelle' on page  undefined on input line 7.


Overfull \hbox (20.0pt too wide) in paragraph at lines 6--8
[]Es
 []


Overfull \hbox (11.74794pt too wide) in paragraph at lines 6--8
\OML/cmm/m/it/10 U[]$
 []


Overfull \hbox (5.18054pt too wide) in paragraph at lines 6--8
\OML/cmm/m/it/10 I$
 []


Overfull \hbox (10.85999pt too wide) in paragraph at lines 6--8
[]
 []


! LaTeX Error: Environment table undefined.

See the LaTeX manual or LaTeX Companion for explanation.
Type  H <return>  for immediate help.
 ...                                              
                                                  
l.9 \begin{table}
               
? 

! LaTeX Error: \caption outside float.

See the LaTeX manual or LaTeX Companion for explanation.
Type  H <return>  for immediate help.
 ...                                              
                                                  
l.11 \caption
           {Spannungs- und Stromwerte der Monozelle}
? 

! LaTeX Error: Missing \begin{document}.

See the LaTeX manual or LaTeX Companion for explanation.
Type  H <return>  for immediate help.
 ...                                              
                                                  
l.11 \caption{S
             pannungs- und Stromwerte der Monozelle}
? 
! Undefined control sequence.
l.13 \sisetup
           {table-format=2.1}
? 
! Undefined control sequence.
l.15 \toprule
           
? 
! Undefined control sequence.
l.16 $U_k \,/\, \si
                 {\volt}$ & $I \,/\, \si{\milli\ampere}$\\
? 
! Undefined control sequence.
l.16 $U_k \,/\, \si{\volt
                       }$ & $I \,/\, \si{\milli\ampere}$\\
? 
! Undefined control sequence.
l.16 $U_k \,/\, \si{\volt}$ & $I \,/\, \si
                                        {\milli\ampere}$\\
? 
! Undefined control sequence.
l.16 $U_k \,/\, \si{\volt}$ & $I \,/\, \si{\milli
                                               \ampere}$\\
? 
! Undefined control sequence.
l.16 .../\, \si{\volt}$ & $I \,/\, \si{\milli\ampere
                                                  }$\\
? 
! Undefined control sequence.
<recently read> \midrule 
         
l.17 \midrule
           
? 
! Undefined control sequence.
<recently read> \bottomrule 
            
l.32 \bottomrule
              
? 

! LaTeX Error: \begin{document} ended by \end{table}.

See the LaTeX manual or LaTeX Companion for explanation.
Type  H <return>  for immediate help.
 ...                                              
                                                  
l.34 \end{table}
              
? 

Overfull \hbox (33.59502pt too wide) in paragraph at lines 11--35
[]
 []

! Undefined control sequence.
l.36 \subsection
              {Bestimmung von $U_0$ und $R_i$ der Monozelle
? 

! LaTeX Error: Missing \begin{document}.

See the LaTeX manual or LaTeX Companion for explanation.
Type  H <return>  for immediate help.
 ...                                              
                                                  
l.36 \subsection{B
                estimmung von $U_0$ und $R_i$ der Monozelle
? 

! LaTeX Error: Environment table undefined.

See the LaTeX manual or LaTeX Companion for explanation.
Type  H <return>  for immediate help.
 ...                                              
                                                  
l.38 \begin{table}
                
? 

! LaTeX Error: \caption outside float.

See the LaTeX manual or LaTeX Companion for explanation.
Type  H <return>  for immediate help.
 ...                                              
                                                  
l.40   \caption
             {Spannungs- und Stromwerte der Monozelle unter
? 
! Undefined control sequence.
l.43   \sisetup
             {table-format=2.1}
? 
! Undefined control sequence.
l.45     \toprule
               
? 
! Undefined control sequence.
l.46      $U_k \,/\, \si
                      {\volt}$ & $I \,/\, \si{\milli\ampere}$\\
? 
! Undefined control sequence.
l.46      $U_k \,/\, \si{\volt
                            }$ & $I \,/\, \si{\milli\ampere}$\\
? 
! Undefined control sequence.
l.46      $U_k \,/\, \si{\volt}$ & $I \,/\, \si
                                             {\milli\ampere}$\\
? 
! Emergency stop.
l.46      $U_k \,/\, \si{\volt}$ & $I \,/\, \si
              